  [4;36;1mSQL (1.0ms)[0m   [0;1m SELECT name
 FROM sqlite_master
 WHERE type = 'table' AND NOT name = 'sqlite_sequence'
[0m
  [4;35;1mSQL (0.0ms)[0m   [0mselect sqlite_version(*)[0m
  [4;36;1mSQL (155.0ms)[0m   [0;1mCREATE TABLE "schema_migrations" ("version" varchar(255) NOT NULL) [0m
  [4;35;1mSQL (0.0ms)[0m   [0mPRAGMA index_list("schema_migrations")[0m
  [4;36;1mSQL (72.0ms)[0m   [0;1mCREATE UNIQUE INDEX "unique_schema_migrations" ON "schema_migrations" ("version")[0m
  [4;35;1mSQL (0.0ms)[0m   [0m SELECT name
 FROM sqlite_master
 WHERE type = 'table' AND NOT name = 'sqlite_sequence'
[0m
  [4;36;1mSQL (0.0ms)[0m   [0;1mSELECT version FROM schema_migrations[0m
Migrating to CreateTweets (20100622072315)
  [4;35;1mSQL (7.0ms)[0m   [0mCREATE TABLE "tweets" ("id" INTEGER PRIMARY KEY AUTOINCREMENT NOT NULL, "content" varchar(255), "posted" datetime, "created_at" datetime, "updated_at" datetime) [0m
  [4;36;1mSQL (0.0ms)[0m   [0;1mINSERT INTO schema_migrations (version) VALUES ('20100622072315')[0m
  [4;35;1mSQL (1.0ms)[0m   [0m SELECT name
 FROM sqlite_master
 WHERE type = 'table' AND NOT name = 'sqlite_sequence'
[0m
  [4;36;1mSQL (0.0ms)[0m   [0;1mSELECT version FROM schema_migrations[0m
  [4;35;1mSQL (1.0ms)[0m   [0m SELECT name
 FROM sqlite_master
 WHERE type = 'table' AND NOT name = 'sqlite_sequence'
[0m
  [4;36;1mSQL (0.0ms)[0m   [0;1mPRAGMA index_list("tweets")[0m


Processing TweetsController#index (for 127.0.0.1 at 2010-06-22 04:48:41) [GET]
  [4;36;1mTweet Load (1.0ms)[0m   [0;1mSELECT * FROM "tweets" [0m
Rendering tweets/index
Completed in 35ms (View: 20, DB: 1) | 200 OK [http://localhost/tweets]


Processing TweetsController#new (for 127.0.0.1 at 2010-06-22 04:48:45) [GET]
Rendering tweets/new
Completed in 6676ms (View: 6659, DB: 0) | 200 OK [http://localhost/tweets/new]


Processing TweetsController#post (for 127.0.0.1 at 2010-06-22 04:48:59) [POST]
  Parameters: {"commit"=>"Tweet", "authenticity_token"=>"T6Uc86B9atwLFWv6cjRaDUk5WHeVNpTmkgsBXI1NkrQ=", "tweet"=>{"content"=>"Nothing much just relaxing"}}
  [4;35;1mTweet Create (4.0ms)[0m   [0mINSERT INTO "tweets" ("updated_at", "content", "posted", "created_at") VALUES('2010-06-22 08:48:59', 'Nothing much just relaxing', '2010-06-22 08:48:59', '2010-06-22 08:48:59')[0m
Redirected to http://localhost:3000/tweets
Completed in 344ms (DB: 4) | 302 Found [http://localhost/tweets/post]


Processing TweetsController#index (for 127.0.0.1 at 2010-06-22 04:49:00) [GET]
  [4;36;1mTweet Load (3.0ms)[0m   [0;1mSELECT * FROM "tweets" [0m
Rendering tweets/index
Completed in 20ms (View: 4, DB: 3) | 200 OK [http://localhost/tweets]


Processing TweetsController#new (for 127.0.0.1 at 2010-06-22 04:49:57) [GET]
Rendering tweets/new
Completed in 19ms (View: 6, DB: 0) | 200 OK [http://localhost/tweets/new]


Processing TweetsController#post (for 127.0.0.1 at 2010-06-22 04:50:04) [POST]
  Parameters: {"commit"=>"Tweet", "authenticity_token"=>"T6Uc86B9atwLFWv6cjRaDUk5WHeVNpTmkgsBXI1NkrQ=", "tweet"=>{"content"=>"Nothing new just testing\r\n"}}
  [4;35;1mTweet Create (3.0ms)[0m   [0mINSERT INTO "tweets" ("updated_at", "content", "posted", "created_at") VALUES('2010-06-22 08:50:04', 'Nothing new just testing
', '2010-06-22 08:50:04', '2010-06-22 08:50:04')[0m
Redirected to http://localhost:3000/tweets
Completed in 157ms (DB: 3) | 302 Found [http://localhost/tweets/post]


Processing TweetsController#index (for 127.0.0.1 at 2010-06-22 04:50:05) [GET]
  [4;36;1mTweet Load (1.0ms)[0m   [0;1mSELECT * FROM "tweets" ORDER BY posted DESC[0m
Rendering tweets/index
Completed in 18ms (View: 5, DB: 1) | 200 OK [http://localhost/tweets]


Processing TweetsController#new (for 127.0.0.1 at 2010-06-22 04:50:07) [GET]
Rendering tweets/new
Completed in 20ms (View: 6, DB: 0) | 200 OK [http://localhost/tweets/new]


Processing TweetsController#post (for 127.0.0.1 at 2010-06-22 04:50:11) [POST]
  Parameters: {"commit"=>"Tweet", "authenticity_token"=>"T6Uc86B9atwLFWv6cjRaDUk5WHeVNpTmkgsBXI1NkrQ=", "tweet"=>{"content"=>"Still testing"}}
  [4;35;1mTweet Create (4.0ms)[0m   [0mINSERT INTO "tweets" ("updated_at", "content", "posted", "created_at") VALUES('2010-06-22 08:50:11', 'Still testing', '2010-06-22 08:50:11', '2010-06-22 08:50:11')[0m
Redirected to http://localhost:3000/tweets
Completed in 164ms (DB: 4) | 302 Found [http://localhost/tweets/post]


Processing TweetsController#index (for 127.0.0.1 at 2010-06-22 04:50:12) [GET]
  [4;36;1mTweet Load (2.0ms)[0m   [0;1mSELECT * FROM "tweets" ORDER BY posted DESC[0m
Rendering tweets/index
Completed in 18ms (View: 5, DB: 2) | 200 OK [http://localhost/tweets]


Processing TweetsController#new (for 127.0.0.1 at 2010-06-22 04:50:13) [GET]
Rendering tweets/new
Completed in 20ms (View: 8, DB: 0) | 200 OK [http://localhost/tweets/new]


Processing TweetsController#post (for 127.0.0.1 at 2010-06-22 04:50:25) [POST]
  Parameters: {"commit"=>"Tweet", "authenticity_token"=>"T6Uc86B9atwLFWv6cjRaDUk5WHeVNpTmkgsBXI1NkrQ=", "tweet"=>{"content"=>"Trying to go over the limit but I doubt it will work"}}
  [4;35;1mTweet Create (4.0ms)[0m   [0mINSERT INTO "tweets" ("updated_at", "content", "posted", "created_at") VALUES('2010-06-22 08:50:25', 'Trying to go over the limit but I doubt it will work', '2010-06-22 08:50:25', '2010-06-22 08:50:25')[0m
Redirected to http://localhost:3000/tweets
Completed in 251ms (DB: 4) | 302 Found [http://localhost/tweets/post]


Processing TweetsController#index (for 127.0.0.1 at 2010-06-22 04:50:26) [GET]
  [4;36;1mTweet Load (1.0ms)[0m   [0;1mSELECT * FROM "tweets" ORDER BY posted DESC[0m
Rendering tweets/index
Completed in 19ms (View: 6, DB: 1) | 200 OK [http://localhost/tweets]


Processing TweetsController#new (for 127.0.0.1 at 2010-06-22 04:50:28) [GET]
Rendering tweets/new
Completed in 19ms (View: 6, DB: 0) | 200 OK [http://localhost/tweets/new]


Processing TweetsController#post (for 127.0.0.1 at 2010-06-22 04:50:32) [POST]
  Parameters: {"commit"=>"Tweet", "authenticity_token"=>"T6Uc86B9atwLFWv6cjRaDUk5WHeVNpTmkgsBXI1NkrQ=", "tweet"=>{"content"=>"<h1> TC 449's Version of Twitter </h1>\r\n\r\n<%= link_to(\"Add a New Tweet\", url_for(:action => \"new\")) %><br /><br />\r\n\r\nPublic Timeline: <br />\r\n<% @tweet_list.each do |tweet| %>\r\n  <div class=\"tweet\"><%= tweet.content %></div>\r\n  <span style=\"font-size: small;\">Posted at <%= tweet.posted %></span>\r\n  <hr />\r\n<% end %>"}}
Rendering tweets/new
Completed in 45ms (View: 29, DB: 0) | 200 OK [http://localhost/tweets/post]


Processing TweetsController#post (for 127.0.0.1 at 2010-06-22 04:50:40) [POST]
  Parameters: {"commit"=>"Tweet", "authenticity_token"=>"T6Uc86B9atwLFWv6cjRaDUk5WHeVNpTmkgsBXI1NkrQ=", "tweet"=>{"content"=>"Too many characters!"}}
  [4;35;1mTweet Create (3.0ms)[0m   [0mINSERT INTO "tweets" ("updated_at", "content", "posted", "created_at") VALUES('2010-06-22 08:50:40', 'Too many characters!', '2010-06-22 08:50:40', '2010-06-22 08:50:40')[0m
Redirected to http://localhost:3000/tweets
Completed in 173ms (DB: 3) | 302 Found [http://localhost/tweets/post]


Processing TweetsController#index (for 127.0.0.1 at 2010-06-22 04:50:42) [GET]
  [4;36;1mTweet Load (1.0ms)[0m   [0;1mSELECT * FROM "tweets" ORDER BY posted DESC[0m
Rendering tweets/index
Completed in 18ms (View: 6, DB: 1) | 200 OK [http://localhost/tweets]


Processing TweetsController#new (for 127.0.0.1 at 2010-06-22 04:51:55) [GET]
Rendering tweets/new
Completed in 19ms (View: 6, DB: 0) | 200 OK [http://localhost/tweets/new]


Processing TweetsController#post (for 127.0.0.1 at 2010-06-22 04:51:58) [POST]
  Parameters: {"commit"=>"Tweet", "authenticity_token"=>"T6Uc86B9atwLFWv6cjRaDUk5WHeVNpTmkgsBXI1NkrQ=", "tweet"=>{"content"=>"More"}}
  [4;35;1mTweet Create (3.0ms)[0m   [0mINSERT INTO "tweets" ("updated_at", "content", "posted", "created_at") VALUES('2010-06-22 08:51:58', 'More', '2010-06-22 08:51:58', '2010-06-22 08:51:58')[0m
Redirected to http://localhost:3000/tweets
Completed in 151ms (DB: 3) | 302 Found [http://localhost/tweets/post]


Processing TweetsController#index (for 127.0.0.1 at 2010-06-22 04:51:59) [GET]
  [4;36;1mTweet Load (2.0ms)[0m   [0;1mSELECT * FROM "tweets" ORDER BY posted DESC LIMIT 10 OFFSET 0[0m
Rendering tweets/index
Completed in 20ms (View: 6, DB: 2) | 200 OK [http://localhost/tweets]


Processing TweetsController#new (for 127.0.0.1 at 2010-06-22 04:52:03) [GET]
Rendering tweets/new
Completed in 20ms (View: 6, DB: 0) | 200 OK [http://localhost/tweets/new]


Processing TweetsController#post (for 127.0.0.1 at 2010-06-22 04:52:08) [POST]
  Parameters: {"commit"=>"Tweet", "authenticity_token"=>"T6Uc86B9atwLFWv6cjRaDUk5WHeVNpTmkgsBXI1NkrQ=", "tweet"=>{"content"=>"seventh"}}
  [4;35;1mTweet Create (4.0ms)[0m   [0mINSERT INTO "tweets" ("updated_at", "content", "posted", "created_at") VALUES('2010-06-22 08:52:08', 'seventh', '2010-06-22 08:52:08', '2010-06-22 08:52:08')[0m
Redirected to http://localhost:3000/tweets
Completed in 136ms (DB: 4) | 302 Found [http://localhost/tweets/post]


Processing TweetsController#index (for 127.0.0.1 at 2010-06-22 04:52:09) [GET]
  [4;36;1mTweet Load (2.0ms)[0m   [0;1mSELECT * FROM "tweets" ORDER BY posted DESC LIMIT 10 OFFSET 0[0m
Rendering tweets/index
Completed in 19ms (View: 5, DB: 2) | 200 OK [http://localhost/tweets]


Processing TweetsController#new (for 127.0.0.1 at 2010-06-22 04:52:10) [GET]
Rendering tweets/new
Completed in 19ms (View: 6, DB: 0) | 200 OK [http://localhost/tweets/new]


Processing TweetsController#post (for 127.0.0.1 at 2010-06-22 04:52:27) [POST]
  Parameters: {"commit"=>"Tweet", "authenticity_token"=>"T6Uc86B9atwLFWv6cjRaDUk5WHeVNpTmkgsBXI1NkrQ=", "tweet"=>{"content"=>"8th"}}
  [4;35;1mTweet Create (4.0ms)[0m   [0mINSERT INTO "tweets" ("updated_at", "content", "posted", "created_at") VALUES('2010-06-22 08:52:27', '8th', '2010-06-22 08:52:27', '2010-06-22 08:52:27')[0m
Redirected to http://localhost:3000/tweets
Completed in 144ms (DB: 4) | 302 Found [http://localhost/tweets/post]


Processing TweetsController#index (for 127.0.0.1 at 2010-06-22 04:52:28) [GET]
  [4;36;1mTweet Load (1.0ms)[0m   [0;1mSELECT * FROM "tweets" ORDER BY posted DESC LIMIT 10 OFFSET 0[0m
Rendering tweets/index
Completed in 21ms (View: 6, DB: 1) | 200 OK [http://localhost/tweets]


Processing TweetsController#new (for 127.0.0.1 at 2010-06-22 04:52:30) [GET]
Rendering tweets/new
Completed in 21ms (View: 6, DB: 0) | 200 OK [http://localhost/tweets/new]


Processing TweetsController#post (for 127.0.0.1 at 2010-06-22 04:52:34) [POST]
  Parameters: {"commit"=>"Tweet", "authenticity_token"=>"T6Uc86B9atwLFWv6cjRaDUk5WHeVNpTmkgsBXI1NkrQ=", "tweet"=>{"content"=>"ninth"}}
  [4;35;1mTweet Create (4.0ms)[0m   [0mINSERT INTO "tweets" ("updated_at", "content", "posted", "created_at") VALUES('2010-06-22 08:52:34', 'ninth', '2010-06-22 08:52:34', '2010-06-22 08:52:34')[0m
Redirected to http://localhost:3000/tweets
Completed in 177ms (DB: 4) | 302 Found [http://localhost/tweets/post]


Processing TweetsController#index (for 127.0.0.1 at 2010-06-22 04:52:35) [GET]
  [4;36;1mTweet Load (2.0ms)[0m   [0;1mSELECT * FROM "tweets" ORDER BY posted DESC LIMIT 10 OFFSET 0[0m
Rendering tweets/index
Completed in 20ms (View: 5, DB: 2) | 200 OK [http://localhost/tweets]


Processing TweetsController#new (for 127.0.0.1 at 2010-06-22 04:52:36) [GET]
Rendering tweets/new
Completed in 18ms (View: 6, DB: 0) | 200 OK [http://localhost/tweets/new]


Processing TweetsController#post (for 127.0.0.1 at 2010-06-22 04:52:42) [POST]
  Parameters: {"commit"=>"Tweet", "authenticity_token"=>"T6Uc86B9atwLFWv6cjRaDUk5WHeVNpTmkgsBXI1NkrQ=", "tweet"=>{"content"=>"And the GUN SHOW"}}
  [4;35;1mTweet Create (4.0ms)[0m   [0mINSERT INTO "tweets" ("updated_at", "content", "posted", "created_at") VALUES('2010-06-22 08:52:42', 'And the GUN SHOW', '2010-06-22 08:52:42', '2010-06-22 08:52:42')[0m
Redirected to http://localhost:3000/tweets
Completed in 157ms (DB: 4) | 302 Found [http://localhost/tweets/post]


Processing TweetsController#index (for 127.0.0.1 at 2010-06-22 04:52:43) [GET]
  [4;36;1mTweet Load (3.0ms)[0m   [0;1mSELECT * FROM "tweets" ORDER BY posted DESC LIMIT 10 OFFSET 0[0m
Rendering tweets/index
Completed in 20ms (View: 6, DB: 3) | 200 OK [http://localhost/tweets]


Processing TweetsController#new (for 127.0.0.1 at 2010-06-22 04:52:45) [GET]
Rendering tweets/new
Completed in 20ms (View: 6, DB: 0) | 200 OK [http://localhost/tweets/new]


Processing TweetsController#post (for 127.0.0.1 at 2010-06-22 04:52:49) [POST]
  Parameters: {"commit"=>"Tweet", "authenticity_token"=>"T6Uc86B9atwLFWv6cjRaDUk5WHeVNpTmkgsBXI1NkrQ=", "tweet"=>{"content"=>"MAGIC"}}
  [4;35;1mTweet Create (4.0ms)[0m   [0mINSERT INTO "tweets" ("updated_at", "content", "posted", "created_at") VALUES('2010-06-22 08:52:49', 'MAGIC', '2010-06-22 08:52:49', '2010-06-22 08:52:49')[0m
Redirected to http://localhost:3000/tweets
Completed in 208ms (DB: 4) | 302 Found [http://localhost/tweets/post]


Processing TweetsController#index (for 127.0.0.1 at 2010-06-22 04:52:50) [GET]
  [4;36;1mTweet Load (2.0ms)[0m   [0;1mSELECT * FROM "tweets" ORDER BY posted DESC LIMIT 10 OFFSET 0[0m
Rendering tweets/index
Completed in 18ms (View: 5, DB: 2) | 200 OK [http://localhost/tweets]


Processing TweetsController#index (for 127.0.0.1 at 2010-06-22 04:53:22) [GET]
  [4;35;1mTweet Load (2.0ms)[0m   [0mSELECT * FROM "tweets" ORDER BY posted DESC LIMIT 10 OFFSET 0[0m
Rendering tweets/index
Completed in 112ms (View: 99, DB: 2) | 200 OK [http://localhost/tweets]


Processing TweetsController#index (for 127.0.0.1 at 2010-06-22 04:53:39) [GET]
  [4;36;1mTweet Load (2.0ms)[0m   [0;1mSELECT * FROM "tweets" ORDER BY posted DESC LIMIT 10 OFFSET 0[0m
Rendering tweets/index
Completed in 29ms (View: 14, DB: 2) | 200 OK [http://localhost/tweets]


Processing TweetsController#index (for 127.0.0.1 at 2010-06-22 04:53:41) [GET]
  Parameters: {"page"=>"2"}
  [4;35;1mTweet Load (1.0ms)[0m   [0mSELECT * FROM "tweets" ORDER BY posted DESC LIMIT 10 OFFSET 10[0m
Rendering tweets/index
Completed in 21ms (View: 6, DB: 1) | 200 OK [http://localhost/tweets?page=2]


Processing TweetsController#index (for 127.0.0.1 at 2010-06-22 04:53:46) [GET]
  Parameters: {"page"=>"1"}
  [4;36;1mTweet Load (2.0ms)[0m   [0;1mSELECT * FROM "tweets" ORDER BY posted DESC LIMIT 10 OFFSET 0[0m
Rendering tweets/index
Completed in 20ms (View: 5, DB: 2) | 200 OK [http://localhost/tweets?page=1]
  [4;36;1mSQL (0.0ms)[0m   [0;1m SELECT name
 FROM sqlite_master
 WHERE type = 'table' AND NOT name = 'sqlite_sequence'
[0m
  [4;35;1mSQL (1.0ms)[0m   [0mSELECT version FROM schema_migrations[0m
Migrating to CreateTweets (20100622072315)
Migrating to CreateUsers (20100622085450)
  [4;36;1mSQL (0.0ms)[0m   [0;1mselect sqlite_version(*)[0m
  [4;35;1mSQL (4.0ms)[0m   [0mCREATE TABLE "users" ("id" INTEGER PRIMARY KEY AUTOINCREMENT NOT NULL, "username" varchar(255), "password" varchar(255), "real_name" varchar(255), "created_at" datetime, "updated_at" datetime) [0m
  [4;36;1mSQL (0.0ms)[0m   [0;1mINSERT INTO schema_migrations (version) VALUES ('20100622085450')[0m
  [4;35;1mSQL (1.0ms)[0m   [0m SELECT name
 FROM sqlite_master
 WHERE type = 'table' AND NOT name = 'sqlite_sequence'
[0m
  [4;36;1mSQL (0.0ms)[0m   [0;1mSELECT version FROM schema_migrations[0m
  [4;35;1mSQL (0.0ms)[0m   [0m SELECT name
 FROM sqlite_master
 WHERE type = 'table' AND NOT name = 'sqlite_sequence'
[0m
  [4;36;1mSQL (0.0ms)[0m   [0;1mPRAGMA index_list("tweets")[0m
  [4;35;1mSQL (0.0ms)[0m   [0mPRAGMA index_list("users")[0m


Processing UserController#new (for 127.0.0.1 at 2010-06-22 04:58:31) [GET]
Rendering user/new
Completed in 48ms (View: 31, DB: 0) | 200 OK [http://localhost/user/new]


Processing UserController#create (for 127.0.0.1 at 2010-06-22 04:58:42) [POST]
  Parameters: {"user"=>{"real_name"=>"Korey Scott", "password_confirmation"=>"ukyoo", "username"=>"scottkor", "password"=>"ukyo18"}, "commit"=>"Create User", "authenticity_token"=>"T6Uc86B9atwLFWv6cjRaDUk5WHeVNpTmkgsBXI1NkrQ="}
Rendering user/new
Completed in 58ms (View: 38, DB: 0) | 200 OK [http://localhost/user/create]


Processing UserController#create (for 127.0.0.1 at 2010-06-22 04:58:48) [POST]
  Parameters: {"user"=>{"real_name"=>"Korey Scott", "password_confirmation"=>"ukyo18", "username"=>"scottkor", "password"=>"ukyo18"}, "commit"=>"Create User", "authenticity_token"=>"T6Uc86B9atwLFWv6cjRaDUk5WHeVNpTmkgsBXI1NkrQ="}
  [4;36;1mUser Create (3.0ms)[0m   [0;1mINSERT INTO "users" ("real_name", "updated_at", "username", "password", "created_at") VALUES('Korey Scott', '2010-06-22 08:58:48', 'scottkor', 'ukyo18', '2010-06-22 08:58:48')[0m
Redirected to http://localhost:3000/user/login
Completed in 208ms (DB: 3) | 302 Found [http://localhost/user/create]


Processing UserController#login (for 127.0.0.1 at 2010-06-22 04:58:49) [GET]
Rendering user/login
Completed in 11ms (View: 8, DB: 0) | 200 OK [http://localhost/user/login]


Processing UserController#create (for 127.0.0.1 at 2010-06-22 05:01:04) [POST]
  Parameters: {"user"=>{"real_name"=>"Korey Scott", "password_confirmation"=>"ukyoo", "username"=>"scottkor", "password"=>"ukyo18"}, "commit"=>"Create User", "authenticity_token"=>"T6Uc86B9atwLFWv6cjRaDUk5WHeVNpTmkgsBXI1NkrQ="}
Rendering user/new
Completed in 37ms (View: 20, DB: 0) | 200 OK [http://localhost/user/create]


Processing UserController#create (for 127.0.0.1 at 2010-06-22 05:01:11) [POST]
  Parameters: {"user"=>{"real_name"=>"Korey Scott", "password_confirmation"=>"ukyo18", "username"=>"scottkor", "password"=>"ukyo18"}, "commit"=>"Create User", "authenticity_token"=>"T6Uc86B9atwLFWv6cjRaDUk5WHeVNpTmkgsBXI1NkrQ="}
  [4;35;1mUser Create (4.0ms)[0m   [0mINSERT INTO "users" ("real_name", "updated_at", "username", "password", "created_at") VALUES('Korey Scott', '2010-06-22 09:01:11', 'scottkor', 'ukyo18', '2010-06-22 09:01:11')[0m
Redirected to http://localhost:3000/user/login
Completed in 139ms (DB: 4) | 302 Found [http://localhost/user/create]


Processing UserController#login (for 127.0.0.1 at 2010-06-22 05:01:11) [GET]
Rendering user/login
ERROR: compiling _run_erb_app47views47user47login46html46erb RAISED compile error
C:/Users/Dean/Sites/lab9/app/views/user/login.html.erb:9: syntax error, unexpected kENSURE, expecting kEND
C:/Users/Dean/Sites/lab9/app/views/user/login.html.erb:11: syntax error, unexpected $end, expecting kEND
Function body:           def _run_erb_app47views47user47login46html46erb(local_assigns)
            old_output_buffer = output_buffer;;@output_buffer = '';  __in_erb_template=true ; @output_buffer.concat "<h1> Log In </h1>\n"
@output_buffer.concat "\n"
@output_buffer.concat "<div class=\"notice\">"; @output_buffer.concat(( flash[:notice] ).to_s); @output_buffer.concat "</div>\n"
 form_tag(url_for(:action => "do_login"), :method => "post") do ; @output_buffer.concat "\n"
@output_buffer.concat "  Username: "; @output_buffer.concat(( text_field_tag("username") ).to_s); @output_buffer.concat "<br />\n"
@output_buffer.concat "  Password: "; @output_buffer.concat(( password_field_tag("password") ).to_s); @output_buffer.concat "<br />\n"
@output_buffer.concat "  "; @output_buffer.concat(( submit_tag("Log In") ).to_s); @output_buffer.concat "\n"
@output_buffer.concat " end %"; @output_buffer
          ensure
            self.output_buffer = old_output_buffer
          end
Backtrace: C:/Users/Dean/Sites/lab9/app/views/user/login.html.erb:11:in `compile!'
C:/Ruby3/lib/ruby/gems/1.8/gems/actionpack-2.3.8/lib/action_view/renderable.rb:61:in `compile'
C:/Ruby3/lib/ruby/gems/1.8/gems/actionpack-2.3.8/lib/action_view/renderable.rb:28:in `render'
C:/Ruby3/lib/ruby/gems/1.8/gems/actionpack-2.3.8/lib/action_view/template.rb:205:in `render_template'
C:/Ruby3/lib/ruby/gems/1.8/gems/actionpack-2.3.8/lib/action_view/base.rb:265:in `render'
C:/Ruby3/lib/ruby/gems/1.8/gems/actionpack-2.3.8/lib/action_controller/base.rb:1250:in `render_for_file'
C:/Ruby3/lib/ruby/gems/1.8/gems/actionpack-2.3.8/lib/action_controller/base.rb:936:in `render_without_benchmark'
C:/Ruby3/lib/ruby/gems/1.8/gems/actionpack-2.3.8/lib/action_controller/benchmarking.rb:51:in `render'
C:/Ruby3/lib/ruby/gems/1.8/gems/activesupport-2.3.8/lib/active_support/core_ext/benchmark.rb:17:in `ms'
C:/Ruby3/lib/ruby/gems/1.8/gems/activesupport-2.3.8/lib/active_support/core_ext/benchmark.rb:10:in `realtime'
C:/Ruby3/lib/ruby/gems/1.8/gems/activesupport-2.3.8/lib/active_support/core_ext/benchmark.rb:17:in `ms'
C:/Ruby3/lib/ruby/gems/1.8/gems/actionpack-2.3.8/lib/action_controller/benchmarking.rb:51:in `render'
C:/Ruby3/lib/ruby/gems/1.8/gems/actionpack-2.3.8/lib/action_controller/base.rb:1326:in `default_render'
C:/Ruby3/lib/ruby/gems/1.8/gems/actionpack-2.3.8/lib/action_controller/base.rb:1332:in `perform_action_without_filters'
C:/Ruby3/lib/ruby/gems/1.8/gems/actionpack-2.3.8/lib/action_controller/filters.rb:617:in `call_filters'
C:/Ruby3/lib/ruby/gems/1.8/gems/actionpack-2.3.8/lib/action_controller/filters.rb:610:in `perform_action_without_benchmark'
C:/Ruby3/lib/ruby/gems/1.8/gems/actionpack-2.3.8/lib/action_controller/benchmarking.rb:68:in `perform_action_without_rescue'
C:/Ruby3/lib/ruby/gems/1.8/gems/activesupport-2.3.8/lib/active_support/core_ext/benchmark.rb:17:in `ms'
C:/Ruby3/lib/ruby/gems/1.8/gems/activesupport-2.3.8/lib/active_support/core_ext/benchmark.rb:10:in `realtime'
C:/Ruby3/lib/ruby/gems/1.8/gems/activesupport-2.3.8/lib/active_support/core_ext/benchmark.rb:17:in `ms'
C:/Ruby3/lib/ruby/gems/1.8/gems/actionpack-2.3.8/lib/action_controller/benchmarking.rb:68:in `perform_action_without_rescue'
C:/Ruby3/lib/ruby/gems/1.8/gems/actionpack-2.3.8/lib/action_controller/rescue.rb:160:in `perform_action_without_flash'
C:/Ruby3/lib/ruby/gems/1.8/gems/actionpack-2.3.8/lib/action_controller/flash.rb:151:in `perform_action'
C:/Ruby3/lib/ruby/gems/1.8/gems/actionpack-2.3.8/lib/action_controller/base.rb:532:in `send'
C:/Ruby3/lib/ruby/gems/1.8/gems/actionpack-2.3.8/lib/action_controller/base.rb:532:in `process_without_filters'
C:/Ruby3/lib/ruby/gems/1.8/gems/actionpack-2.3.8/lib/action_controller/filters.rb:606:in `process'
C:/Ruby3/lib/ruby/gems/1.8/gems/actionpack-2.3.8/lib/action_controller/base.rb:391:in `process'
C:/Ruby3/lib/ruby/gems/1.8/gems/actionpack-2.3.8/lib/action_controller/base.rb:386:in `call'
C:/Ruby3/lib/ruby/gems/1.8/gems/actionpack-2.3.8/lib/action_controller/routing/route_set.rb:438:in `call'
C:/Ruby3/lib/ruby/gems/1.8/gems/actionpack-2.3.8/lib/action_controller/dispatcher.rb:87:in `dispatch'
C:/Ruby3/lib/ruby/gems/1.8/gems/actionpack-2.3.8/lib/action_controller/dispatcher.rb:121:in `_call'
C:/Ruby3/lib/ruby/gems/1.8/gems/actionpack-2.3.8/lib/action_controller/dispatcher.rb:130:in `build_middleware_stack'
C:/Ruby3/lib/ruby/gems/1.8/gems/activerecord-2.3.8/lib/active_record/query_cache.rb:29:in `call'
C:/Ruby3/lib/ruby/gems/1.8/gems/activerecord-2.3.8/lib/active_record/query_cache.rb:29:in `call'
C:/Ruby3/lib/ruby/gems/1.8/gems/activerecord-2.3.8/lib/active_record/connection_adapters/abstract/query_cache.rb:34:in `cache'
C:/Ruby3/lib/ruby/gems/1.8/gems/activerecord-2.3.8/lib/active_record/query_cache.rb:9:in `cache'
C:/Ruby3/lib/ruby/gems/1.8/gems/activerecord-2.3.8/lib/active_record/query_cache.rb:28:in `call'
C:/Ruby3/lib/ruby/gems/1.8/gems/activerecord-2.3.8/lib/active_record/connection_adapters/abstract/connection_pool.rb:361:in `call'
C:/Ruby3/lib/ruby/gems/1.8/gems/actionpack-2.3.8/lib/action_controller/string_coercion.rb:25:in `call'
C:/Ruby3/lib/ruby/gems/1.8/gems/rack-1.1.0/lib/rack/head.rb:9:in `call'
C:/Ruby3/lib/ruby/gems/1.8/gems/rack-1.1.0/lib/rack/methodoverride.rb:24:in `call'
C:/Ruby3/lib/ruby/gems/1.8/gems/actionpack-2.3.8/lib/action_controller/params_parser.rb:15:in `call'
C:/Ruby3/lib/ruby/gems/1.8/gems/actionpack-2.3.8/lib/action_controller/session/cookie_store.rb:99:in `call'
C:/Ruby3/lib/ruby/gems/1.8/gems/actionpack-2.3.8/lib/action_controller/failsafe.rb:26:in `call'
C:/Ruby3/lib/ruby/gems/1.8/gems/rack-1.1.0/lib/rack/lock.rb:11:in `call'
C:/Ruby3/lib/ruby/gems/1.8/gems/rack-1.1.0/lib/rack/lock.rb:11:in `synchronize'
C:/Ruby3/lib/ruby/gems/1.8/gems/rack-1.1.0/lib/rack/lock.rb:11:in `call'
C:/Ruby3/lib/ruby/gems/1.8/gems/actionpack-2.3.8/lib/action_controller/dispatcher.rb:114:in `call'
C:/Ruby3/lib/ruby/gems/1.8/gems/actionpack-2.3.8/lib/action_controller/reloader.rb:34:in `run'
C:/Ruby3/lib/ruby/gems/1.8/gems/actionpack-2.3.8/lib/action_controller/dispatcher.rb:108:in `call'
C:/Ruby3/lib/ruby/gems/1.8/gems/rails-2.3.8/lib/rails/rack/static.rb:31:in `call'
C:/Ruby3/lib/ruby/gems/1.8/gems/rack-1.1.0/lib/rack/urlmap.rb:47:in `call'
C:/Ruby3/lib/ruby/gems/1.8/gems/rack-1.1.0/lib/rack/urlmap.rb:41:in `each'
C:/Ruby3/lib/ruby/gems/1.8/gems/rack-1.1.0/lib/rack/urlmap.rb:41:in `call'
C:/Ruby3/lib/ruby/gems/1.8/gems/rails-2.3.8/lib/rails/rack/log_tailer.rb:17:in `call'
C:/Ruby3/lib/ruby/gems/1.8/gems/rack-1.1.0/lib/rack/content_length.rb:13:in `call'
C:/Ruby3/lib/ruby/gems/1.8/gems/rack-1.1.0/lib/rack/handler/webrick.rb:48:in `service'
C:/Ruby3/lib/ruby/1.8/webrick/httpserver.rb:104:in `service'
C:/Ruby3/lib/ruby/1.8/webrick/httpserver.rb:65:in `run'
C:/Ruby3/lib/ruby/1.8/webrick/server.rb:173:in `start_thread'
C:/Ruby3/lib/ruby/1.8/webrick/server.rb:162:in `start'
C:/Ruby3/lib/ruby/1.8/webrick/server.rb:162:in `start_thread'
C:/Ruby3/lib/ruby/1.8/webrick/server.rb:95:in `start'
C:/Ruby3/lib/ruby/1.8/webrick/server.rb:92:in `each'
C:/Ruby3/lib/ruby/1.8/webrick/server.rb:92:in `start'
C:/Ruby3/lib/ruby/1.8/webrick/server.rb:23:in `start'
C:/Ruby3/lib/ruby/1.8/webrick/server.rb:82:in `start'
C:/Ruby3/lib/ruby/gems/1.8/gems/rack-1.1.0/lib/rack/handler/webrick.rb:14:in `run'
C:/Ruby3/lib/ruby/gems/1.8/gems/rails-2.3.8/lib/commands/server.rb:111
C:/Ruby3/lib/ruby/site_ruby/1.8/rubygems/custom_require.rb:31:in `gem_original_require'
C:/Ruby3/lib/ruby/site_ruby/1.8/rubygems/custom_require.rb:31:in `require'
script/server:3

ActionView::TemplateError (compile error
C:/Users/Dean/Sites/lab9/app/views/user/login.html.erb:9: syntax error, unexpected kENSURE, expecting kEND
C:/Users/Dean/Sites/lab9/app/views/user/login.html.erb:11: syntax error, unexpected $end, expecting kEND) on line #9 of app/views/user/login.html.erb:
6:   Password: <%= password_field_tag("password") %><br />
7:   <%= submit_tag("Log In") %>
8: <% end %

    app/views/user/login.html.erb:11:in `compile!'
    C:/Ruby3/lib/ruby/1.8/webrick/httpserver.rb:104:in `service'
    C:/Ruby3/lib/ruby/1.8/webrick/httpserver.rb:65:in `run'
    C:/Ruby3/lib/ruby/1.8/webrick/server.rb:173:in `start_thread'
    C:/Ruby3/lib/ruby/1.8/webrick/server.rb:162:in `start'
    C:/Ruby3/lib/ruby/1.8/webrick/server.rb:162:in `start_thread'
    C:/Ruby3/lib/ruby/1.8/webrick/server.rb:95:in `start'
    C:/Ruby3/lib/ruby/1.8/webrick/server.rb:92:in `each'
    C:/Ruby3/lib/ruby/1.8/webrick/server.rb:92:in `start'
    C:/Ruby3/lib/ruby/1.8/webrick/server.rb:23:in `start'
    C:/Ruby3/lib/ruby/1.8/webrick/server.rb:82:in `start'

Rendered rescues/_trace (69.0ms)
Rendered rescues/_request_and_response (3.0ms)
Rendering rescues/layout (internal_server_error)


Processing UserController#login (for 127.0.0.1 at 2010-06-22 05:01:33) [GET]
Rendering user/login
Completed in 22ms (View: 18, DB: 0) | 200 OK [http://localhost/user/login]


Processing UserController#do_login (for 127.0.0.1 at 2010-06-22 05:01:41) [POST]
  Parameters: {"commit"=>"Log In", "authenticity_token"=>"T6Uc86B9atwLFWv6cjRaDUk5WHeVNpTmkgsBXI1NkrQ=", "username"=>"scottkor", "password"=>"ukyo18"}
  [4;36;1mUser Load (0.0ms)[0m   [0;1mSELECT * FROM "users" WHERE ("users"."username" = 'scottkor') LIMIT 1[0m
Redirected to http://localhost:3000/tweets/list
Completed in 200ms (DB: 0) | 302 Found [http://localhost/user/do_login]


Processing TweetsController#list (for 127.0.0.1 at 2010-06-22 05:01:42) [GET]

ActionController::UnknownAction (No action responded to list. Actions: index, new, and post):
  C:/Ruby3/lib/ruby/1.8/webrick/httpserver.rb:104:in `service'
  C:/Ruby3/lib/ruby/1.8/webrick/httpserver.rb:65:in `run'
  C:/Ruby3/lib/ruby/1.8/webrick/server.rb:173:in `start_thread'
  C:/Ruby3/lib/ruby/1.8/webrick/server.rb:162:in `start'
  C:/Ruby3/lib/ruby/1.8/webrick/server.rb:162:in `start_thread'
  C:/Ruby3/lib/ruby/1.8/webrick/server.rb:95:in `start'
  C:/Ruby3/lib/ruby/1.8/webrick/server.rb:92:in `each'
  C:/Ruby3/lib/ruby/1.8/webrick/server.rb:92:in `start'
  C:/Ruby3/lib/ruby/1.8/webrick/server.rb:23:in `start'
  C:/Ruby3/lib/ruby/1.8/webrick/server.rb:82:in `start'

Rendering rescues/layout (not_found)
  [4;36;1mSQL (1.0ms)[0m   [0;1m SELECT name
 FROM sqlite_master
 WHERE type = 'table' AND NOT name = 'sqlite_sequence'
[0m
  [4;35;1mSQL (0.0ms)[0m   [0mSELECT version FROM schema_migrations[0m
Migrating to CreateTweets (20100622072315)
Migrating to CreateUsers (20100622085450)
Migrating to AddUserIdToTweets (20100622142248)
  [4;36;1mSQL (0.0ms)[0m   [0;1mselect sqlite_version(*)[0m
  [4;35;1mSQL (4.0ms)[0m   [0mALTER TABLE "tweets" ADD "user_id" integer[0m
  [4;36;1mSQL (0.0ms)[0m   [0;1mINSERT INTO schema_migrations (version) VALUES ('20100622142248')[0m
  [4;35;1mSQL (1.0ms)[0m   [0m SELECT name
 FROM sqlite_master
 WHERE type = 'table' AND NOT name = 'sqlite_sequence'
[0m
  [4;36;1mSQL (0.0ms)[0m   [0;1mSELECT version FROM schema_migrations[0m
  [4;35;1mSQL (0.0ms)[0m   [0m SELECT name
 FROM sqlite_master
 WHERE type = 'table' AND NOT name = 'sqlite_sequence'
[0m
  [4;36;1mSQL (0.0ms)[0m   [0;1mPRAGMA index_list("tweets")[0m
  [4;35;1mSQL (0.0ms)[0m   [0mPRAGMA index_list("users")[0m


Processing TweetsController#list (for 127.0.0.1 at 2010-06-22 10:30:57) [GET]

ActionController::UnknownAction (No action responded to list. Actions: index, new, and post):
  C:/Ruby3/lib/ruby/1.8/webrick/httpserver.rb:104:in `service'
  C:/Ruby3/lib/ruby/1.8/webrick/httpserver.rb:65:in `run'
  C:/Ruby3/lib/ruby/1.8/webrick/server.rb:173:in `start_thread'
  C:/Ruby3/lib/ruby/1.8/webrick/server.rb:162:in `start'
  C:/Ruby3/lib/ruby/1.8/webrick/server.rb:162:in `start_thread'
  C:/Ruby3/lib/ruby/1.8/webrick/server.rb:95:in `start'
  C:/Ruby3/lib/ruby/1.8/webrick/server.rb:92:in `each'
  C:/Ruby3/lib/ruby/1.8/webrick/server.rb:92:in `start'
  C:/Ruby3/lib/ruby/1.8/webrick/server.rb:23:in `start'
  C:/Ruby3/lib/ruby/1.8/webrick/server.rb:82:in `start'

Rendering rescues/layout (not_found)


Processing TweetsController#index (for 127.0.0.1 at 2010-06-22 10:31:01) [GET]
  [4;36;1mTweet Load (2.0ms)[0m   [0;1mSELECT * FROM "tweets" ORDER BY posted DESC LIMIT 10 OFFSET 0[0m
Rendering tweets/index
Completed in 100ms (View: 45, DB: 2) | 200 OK [http://localhost/tweets]


Processing TweetsController#new (for 127.0.0.1 at 2010-06-22 10:31:05) [GET]
Rendering tweets/new
Completed in 28ms (View: 13, DB: 0) | 200 OK [http://localhost/tweets/new]


Processing TweetsController#post (for 127.0.0.1 at 2010-06-22 10:31:09) [POST]
  Parameters: {"commit"=>"Tweet", "authenticity_token"=>"T6Uc86B9atwLFWv6cjRaDUk5WHeVNpTmkgsBXI1NkrQ=", "tweet"=>{"content"=>"hello"}}
  [4;35;1mTweet Create (4.0ms)[0m   [0mINSERT INTO "tweets" ("updated_at", "content", "user_id", "posted", "created_at") VALUES('2010-06-22 14:31:09', 'hello', NULL, '2010-06-22 14:31:09', '2010-06-22 14:31:09')[0m
Redirected to http://localhost:3000/tweets
Completed in 316ms (DB: 4) | 302 Found [http://localhost/tweets/post]


Processing TweetsController#index (for 127.0.0.1 at 2010-06-22 10:31:10) [GET]
  [4;36;1mTweet Load (3.0ms)[0m   [0;1mSELECT * FROM "tweets" ORDER BY posted DESC LIMIT 10 OFFSET 0[0m
Rendering tweets/index
Completed in 98ms (View: 7, DB: 3) | 200 OK [http://localhost/tweets]


Processing UserController#index (for 127.0.0.1 at 2010-06-22 10:31:16) [GET]

ActionController::UnknownAction (No action responded to index. Actions: create, do_login, get_logged_in_user, login, logout, new, and view):
  C:/Ruby3/lib/ruby/1.8/webrick/httpserver.rb:104:in `service'
  C:/Ruby3/lib/ruby/1.8/webrick/httpserver.rb:65:in `run'
  C:/Ruby3/lib/ruby/1.8/webrick/server.rb:173:in `start_thread'
  C:/Ruby3/lib/ruby/1.8/webrick/server.rb:162:in `start'
  C:/Ruby3/lib/ruby/1.8/webrick/server.rb:162:in `start_thread'
  C:/Ruby3/lib/ruby/1.8/webrick/server.rb:95:in `start'
  C:/Ruby3/lib/ruby/1.8/webrick/server.rb:92:in `each'
  C:/Ruby3/lib/ruby/1.8/webrick/server.rb:92:in `start'
  C:/Ruby3/lib/ruby/1.8/webrick/server.rb:23:in `start'
  C:/Ruby3/lib/ruby/1.8/webrick/server.rb:82:in `start'

Rendering rescues/layout (not_found)


Processing UserController#new (for 127.0.0.1 at 2010-06-22 10:34:49) [GET]
  [4;35;1mUser Load (1.0ms)[0m   [0mSELECT * FROM "users" WHERE ("users"."id" = 1) [0m
Rendering user/new
Completed in 32ms (View: 16, DB: 1) | 200 OK [http://localhost/user/new]


Processing UserController#create (for 127.0.0.1 at 2010-06-22 10:35:07) [POST]
  Parameters: {"user"=>{"real_name"=>"Sims", "password_confirmation"=>"ukyo18", "username"=>"Willie", "password"=>"ukyo18"}, "commit"=>"Create User", "authenticity_token"=>"T6Uc86B9atwLFWv6cjRaDUk5WHeVNpTmkgsBXI1NkrQ="}
  [4;36;1mUser Create (4.0ms)[0m   [0;1mINSERT INTO "users" ("real_name", "updated_at", "username", "password", "created_at") VALUES('Sims', '2010-06-22 14:35:07', 'Willie', 'ukyo18', '2010-06-22 14:35:07')[0m
Redirected to http://localhost:3000/user/login
Completed in 178ms (DB: 4) | 302 Found [http://localhost/user/create]


Processing UserController#login (for 127.0.0.1 at 2010-06-22 10:35:07) [GET]
Rendering user/login
Completed in 17ms (View: 13, DB: 0) | 200 OK [http://localhost/user/login]


Processing UserController#do_login (for 127.0.0.1 at 2010-06-22 10:35:22) [POST]
  Parameters: {"commit"=>"Log In", "authenticity_token"=>"T6Uc86B9atwLFWv6cjRaDUk5WHeVNpTmkgsBXI1NkrQ=", "username"=>"Willie", "password"=>"ukyo18"}
  [4;35;1mUser Load (1.0ms)[0m   [0mSELECT * FROM "users" WHERE ("users"."username" = 'Willie') LIMIT 1[0m
Redirected to http://localhost:3000/tweets/list
Completed in 19ms (DB: 1) | 302 Found [http://localhost/user/do_login]


Processing TweetsController#list (for 127.0.0.1 at 2010-06-22 10:35:22) [GET]

ActionController::UnknownAction (No action responded to list. Actions: index, new, and post):
  C:/Ruby3/lib/ruby/1.8/webrick/httpserver.rb:104:in `service'
  C:/Ruby3/lib/ruby/1.8/webrick/httpserver.rb:65:in `run'
  C:/Ruby3/lib/ruby/1.8/webrick/server.rb:173:in `start_thread'
  C:/Ruby3/lib/ruby/1.8/webrick/server.rb:162:in `start'
  C:/Ruby3/lib/ruby/1.8/webrick/server.rb:162:in `start_thread'
  C:/Ruby3/lib/ruby/1.8/webrick/server.rb:95:in `start'
  C:/Ruby3/lib/ruby/1.8/webrick/server.rb:92:in `each'
  C:/Ruby3/lib/ruby/1.8/webrick/server.rb:92:in `start'
  C:/Ruby3/lib/ruby/1.8/webrick/server.rb:23:in `start'
  C:/Ruby3/lib/ruby/1.8/webrick/server.rb:82:in `start'

Rendering rescues/layout (not_found)


Processing TweetsController#index (for 127.0.0.1 at 2010-06-22 10:37:42) [GET]
  [4;36;1mTweet Load (2.0ms)[0m   [0;1mSELECT * FROM "tweets" ORDER BY posted DESC LIMIT 10 OFFSET 0[0m
Rendering tweets/index
Completed in 34ms (View: 18, DB: 2) | 200 OK [http://localhost/tweets]


Processing TweetsController#new (for 127.0.0.1 at 2010-06-22 10:37:46) [GET]
Rendering tweets/new
Completed in 22ms (View: 6, DB: 0) | 200 OK [http://localhost/tweets/new]


Processing TweetsController#post (for 127.0.0.1 at 2010-06-22 10:37:49) [POST]
  Parameters: {"commit"=>"Tweet", "authenticity_token"=>"T6Uc86B9atwLFWv6cjRaDUk5WHeVNpTmkgsBXI1NkrQ=", "tweet"=>{"content"=>"Jacob"}}
  [4;35;1mTweet Create (4.0ms)[0m   [0mINSERT INTO "tweets" ("updated_at", "content", "user_id", "posted", "created_at") VALUES('2010-06-22 14:37:49', 'Jacob', NULL, '2010-06-22 14:37:49', '2010-06-22 14:37:49')[0m
Redirected to http://localhost:3000/tweets
Completed in 223ms (DB: 4) | 302 Found [http://localhost/tweets/post]


Processing TweetsController#index (for 127.0.0.1 at 2010-06-22 10:37:51) [GET]
  [4;36;1mTweet Load (2.0ms)[0m   [0;1mSELECT * FROM "tweets" ORDER BY posted DESC LIMIT 10 OFFSET 0[0m
Rendering tweets/index
Completed in 25ms (View: 7, DB: 2) | 200 OK [http://localhost/tweets]


Processing TweetsController#new (for 127.0.0.1 at 2010-06-22 10:37:58) [GET]
Rendering tweets/new
Completed in 108ms (View: 93, DB: 0) | 200 OK [http://localhost/tweets/new]


Processing TweetsController#post (for 127.0.0.1 at 2010-06-22 10:38:04) [POST]
  Parameters: {"commit"=>"Tweet", "authenticity_token"=>"T6Uc86B9atwLFWv6cjRaDUk5WHeVNpTmkgsBXI1NkrQ=", "tweet"=>{"content"=>"User name not showing"}}
  [4;35;1mTweet Create (4.0ms)[0m   [0mINSERT INTO "tweets" ("updated_at", "content", "user_id", "posted", "created_at") VALUES('2010-06-22 14:38:04', 'User name not showing', NULL, '2010-06-22 14:38:04', '2010-06-22 14:38:04')[0m
Redirected to http://localhost:3000/tweets
Completed in 173ms (DB: 4) | 302 Found [http://localhost/tweets/post]


Processing TweetsController#index (for 127.0.0.1 at 2010-06-22 10:38:05) [GET]
  [4;36;1mTweet Load (2.0ms)[0m   [0;1mSELECT * FROM "tweets" ORDER BY posted DESC LIMIT 10 OFFSET 0[0m
Rendering tweets/index
Completed in 24ms (View: 7, DB: 2) | 200 OK [http://localhost/tweets]


Processing UserController#logout (for 127.0.0.1 at 2010-06-22 10:38:08) [GET]
Rendering user/logout
Completed in 12ms (View: 10, DB: 0) | 200 OK [http://localhost/user/logout]


Processing TweetsController#index (for 127.0.0.1 at 2010-06-22 10:38:10) [GET]
  [4;35;1mTweet Load (2.0ms)[0m   [0mSELECT * FROM "tweets" ORDER BY posted DESC LIMIT 10 OFFSET 0[0m
Rendering tweets/index
Completed in 24ms (View: 7, DB: 2) | 200 OK [http://localhost/tweets]


Processing TweetsController#new (for 127.0.0.1 at 2010-06-22 10:38:12) [GET]
Rendering tweets/new
Completed in 21ms (View: 6, DB: 0) | 200 OK [http://localhost/tweets/new]


Processing TweetsController#post (for 127.0.0.1 at 2010-06-22 10:38:16) [POST]
  Parameters: {"commit"=>"Tweet", "authenticity_token"=>"T6Uc86B9atwLFWv6cjRaDUk5WHeVNpTmkgsBXI1NkrQ=", "tweet"=>{"content"=>"Hello"}}
  [4;36;1mTweet Create (4.0ms)[0m   [0;1mINSERT INTO "tweets" ("updated_at", "content", "user_id", "posted", "created_at") VALUES('2010-06-22 14:38:16', 'Hello', NULL, '2010-06-22 14:38:16', '2010-06-22 14:38:16')[0m
Redirected to http://localhost:3000/tweets
Completed in 170ms (DB: 4) | 302 Found [http://localhost/tweets/post]


Processing TweetsController#index (for 127.0.0.1 at 2010-06-22 10:38:17) [GET]
  [4;35;1mTweet Load (3.0ms)[0m   [0mSELECT * FROM "tweets" ORDER BY posted DESC LIMIT 10 OFFSET 0[0m
Rendering tweets/index
Completed in 31ms (View: 11, DB: 3) | 200 OK [http://localhost/tweets]


Processing UserController#logout (for 127.0.0.1 at 2010-06-22 10:38:24) [GET]
Rendering user/logout
Completed in 6ms (View: 3, DB: 0) | 200 OK [http://localhost/user/logout]


Processing TweetsController#index (for 127.0.0.1 at 2010-06-22 10:38:27) [GET]
  [4;36;1mTweet Load (2.0ms)[0m   [0;1mSELECT * FROM "tweets" ORDER BY posted DESC LIMIT 10 OFFSET 0[0m
Rendering tweets/index
Completed in 22ms (View: 7, DB: 2) | 200 OK [http://localhost/tweets]


Processing UserController#login (for 127.0.0.1 at 2010-06-22 10:39:08) [GET]
Rendering user/login
Completed in 7ms (View: 4, DB: 0) | 200 OK [http://localhost/user/login]


Processing UserController#do_login (for 127.0.0.1 at 2010-06-22 10:39:16) [POST]
  Parameters: {"commit"=>"Log In", "authenticity_token"=>"T6Uc86B9atwLFWv6cjRaDUk5WHeVNpTmkgsBXI1NkrQ=", "username"=>"James", "password"=>"Kody"}
  [4;35;1mUser Load (1.0ms)[0m   [0mSELECT * FROM "users" WHERE ("users"."username" = 'James') LIMIT 1[0m
Redirected to http://localhost:3000/user/login
Completed in 16ms (DB: 1) | 302 Found [http://localhost/user/do_login]


Processing UserController#login (for 127.0.0.1 at 2010-06-22 10:39:17) [GET]
Rendering user/login
Completed in 6ms (View: 4, DB: 0) | 200 OK [http://localhost/user/login]


Processing UserController#do_login (for 127.0.0.1 at 2010-06-22 10:45:18) [POST]
  Parameters: {"commit"=>"Log In", "authenticity_token"=>"T6Uc86B9atwLFWv6cjRaDUk5WHeVNpTmkgsBXI1NkrQ=", "username"=>"", "password"=>""}
  [4;36;1mUser Load (0.0ms)[0m   [0;1mSELECT * FROM "users" WHERE ("users"."username" = '') LIMIT 1[0m
Redirected to http://localhost:3000/user/login
Completed in 16ms (DB: 0) | 302 Found [http://localhost/user/do_login]


Processing UserController#login (for 127.0.0.1 at 2010-06-22 10:45:18) [GET]
Rendering user/login
Completed in 6ms (View: 4, DB: 0) | 200 OK [http://localhost/user/login]


Processing UserController#do_login (for 127.0.0.1 at 2010-06-22 10:45:24) [POST]
  Parameters: {"commit"=>"Log In", "authenticity_token"=>"T6Uc86B9atwLFWv6cjRaDUk5WHeVNpTmkgsBXI1NkrQ=", "username"=>"scottkor", "password"=>"ukyo18"}
  [4;35;1mUser Load (1.0ms)[0m   [0mSELECT * FROM "users" WHERE ("users"."username" = 'scottkor') LIMIT 1[0m
Redirected to http://localhost:3000/tweets/list
Completed in 21ms (DB: 1) | 302 Found [http://localhost/user/do_login]


Processing TweetsController#list (for 127.0.0.1 at 2010-06-22 10:45:25) [GET]

ActionController::UnknownAction (No action responded to list. Actions: index, new, and post):
  C:/Ruby3/lib/ruby/1.8/webrick/httpserver.rb:104:in `service'
  C:/Ruby3/lib/ruby/1.8/webrick/httpserver.rb:65:in `run'
  C:/Ruby3/lib/ruby/1.8/webrick/server.rb:173:in `start_thread'
  C:/Ruby3/lib/ruby/1.8/webrick/server.rb:162:in `start'
  C:/Ruby3/lib/ruby/1.8/webrick/server.rb:162:in `start_thread'
  C:/Ruby3/lib/ruby/1.8/webrick/server.rb:95:in `start'
  C:/Ruby3/lib/ruby/1.8/webrick/server.rb:92:in `each'
  C:/Ruby3/lib/ruby/1.8/webrick/server.rb:92:in `start'
  C:/Ruby3/lib/ruby/1.8/webrick/server.rb:23:in `start'
  C:/Ruby3/lib/ruby/1.8/webrick/server.rb:82:in `start'

Rendering rescues/layout (not_found)


Processing TweetsController#index (for 127.0.0.1 at 2010-06-22 10:45:34) [GET]
  [4;36;1mTweet Load (2.0ms)[0m   [0;1mSELECT * FROM "tweets" ORDER BY posted DESC LIMIT 10 OFFSET 0[0m
Rendering tweets/index
Completed in 24ms (View: 8, DB: 2) | 200 OK [http://localhost/tweets]


Processing TweetsController#new (for 127.0.0.1 at 2010-06-22 10:45:36) [GET]

NoMethodError (undefined method `get_logged_in_user' for #<TweetsController:0x837a1ec>):
  C:/Ruby3/lib/ruby/1.8/webrick/httpserver.rb:104:in `service'
  C:/Ruby3/lib/ruby/1.8/webrick/httpserver.rb:65:in `run'
  C:/Ruby3/lib/ruby/1.8/webrick/server.rb:173:in `start_thread'
  C:/Ruby3/lib/ruby/1.8/webrick/server.rb:162:in `start'
  C:/Ruby3/lib/ruby/1.8/webrick/server.rb:162:in `start_thread'
  C:/Ruby3/lib/ruby/1.8/webrick/server.rb:95:in `start'
  C:/Ruby3/lib/ruby/1.8/webrick/server.rb:92:in `each'
  C:/Ruby3/lib/ruby/1.8/webrick/server.rb:92:in `start'
  C:/Ruby3/lib/ruby/1.8/webrick/server.rb:23:in `start'
  C:/Ruby3/lib/ruby/1.8/webrick/server.rb:82:in `start'

Rendered rescues/_trace (64.0ms)
Rendered rescues/_request_and_response (3.0ms)
Rendering rescues/layout (internal_server_error)


Processing TweetsController#user (for 127.0.0.1 at 2010-06-22 10:48:07) [GET]
Rendering tweets/user

ActionView::TemplateError (undefined method `real_name' for nil:NilClass) on line #1 of app/views/tweets/user.html.erb:
1: h1> <%= @user.real_name %> </h1>
2: 
3: Tweets:
4: <% @user.tweets.each do |tweet| %>

    app/views/tweets/user.html.erb:1
    C:/Ruby3/lib/ruby/1.8/webrick/httpserver.rb:104:in `service'
    C:/Ruby3/lib/ruby/1.8/webrick/httpserver.rb:65:in `run'
    C:/Ruby3/lib/ruby/1.8/webrick/server.rb:173:in `start_thread'
    C:/Ruby3/lib/ruby/1.8/webrick/server.rb:162:in `start'
    C:/Ruby3/lib/ruby/1.8/webrick/server.rb:162:in `start_thread'
    C:/Ruby3/lib/ruby/1.8/webrick/server.rb:95:in `start'
    C:/Ruby3/lib/ruby/1.8/webrick/server.rb:92:in `each'
    C:/Ruby3/lib/ruby/1.8/webrick/server.rb:92:in `start'
    C:/Ruby3/lib/ruby/1.8/webrick/server.rb:23:in `start'
    C:/Ruby3/lib/ruby/1.8/webrick/server.rb:82:in `start'

Rendered rescues/_trace (163.0ms)
Rendered rescues/_request_and_response (1.0ms)
Rendering rescues/layout (internal_server_error)


Processing UserController#new (for 127.0.0.1 at 2010-06-22 11:08:59) [GET]
  [4;35;1mUser Load (1.0ms)[0m   [0mSELECT * FROM "users" WHERE ("users"."id" = 1) [0m
Rendering user/new
Completed in 26ms (View: 9, DB: 1) | 200 OK [http://localhost/user/new]


Processing UserController#create (for 127.0.0.1 at 2010-06-22 11:09:01) [POST]
  Parameters: {"user"=>{"real_name"=>"", "password_confirmation"=>"", "username"=>"", "password"=>""}, "commit"=>"Create User", "authenticity_token"=>"T6Uc86B9atwLFWv6cjRaDUk5WHeVNpTmkgsBXI1NkrQ="}
  [4;36;1mUser Create (4.0ms)[0m   [0;1mINSERT INTO "users" ("real_name", "updated_at", "username", "password", "created_at") VALUES('', '2010-06-22 15:09:01', '', '', '2010-06-22 15:09:01')[0m
Redirected to http://localhost:3000/user/login
Completed in 225ms (DB: 4) | 302 Found [http://localhost/user/create]


Processing UserController#login (for 127.0.0.1 at 2010-06-22 11:09:02) [GET]
Rendering user/login
Completed in 7ms (View: 5, DB: 0) | 200 OK [http://localhost/user/login]
  [4;36;1mSQL (1.0ms)[0m   [0;1m SELECT name
 FROM sqlite_master
 WHERE type = 'table' AND NOT name = 'sqlite_sequence'
[0m
  [4;35;1mSQL (0.0ms)[0m   [0mSELECT version FROM schema_migrations[0m
Migrating to CreateTweets (20100622072315)
Migrating to CreateUsers (20100622085450)
Migrating to AddUserIdToTweets (20100622142248)
  [4;36;1mSQL (0.0ms)[0m   [0;1mselect sqlite_version(*)[0m
  [4;35;1mSQL (1.0ms)[0m   [0m SELECT name
 FROM sqlite_master
 WHERE type = 'table' AND NOT name = 'sqlite_sequence'
[0m
  [4;36;1mSQL (1.0ms)[0m   [0;1mSELECT version FROM schema_migrations[0m
  [4;35;1mSQL (0.0ms)[0m   [0m SELECT name
 FROM sqlite_master
 WHERE type = 'table' AND NOT name = 'sqlite_sequence'
[0m
  [4;36;1mSQL (0.0ms)[0m   [0;1mPRAGMA index_list("tweets")[0m
  [4;35;1mSQL (0.0ms)[0m   [0mPRAGMA index_list("users")[0m


Processing TweetsController#index (for 127.0.0.1 at 2010-06-22 11:16:30) [GET]
  [4;36;1mTweet Load (3.0ms)[0m   [0;1mSELECT * FROM "tweets" ORDER BY posted DESC LIMIT 10 OFFSET 0[0m
Rendering tweets/index
Completed in 113ms (View: 62, DB: 3) | 200 OK [http://localhost/tweets]


Processing TweetsController#new (for 127.0.0.1 at 2010-06-22 11:16:32) [GET]
Rendering tweets/new
Completed in 35ms (View: 18, DB: 0) | 200 OK [http://localhost/tweets/new]


Processing TweetsController#post (for 127.0.0.1 at 2010-06-22 11:16:37) [POST]
  Parameters: {"commit"=>"Tweet", "authenticity_token"=>"T6Uc86B9atwLFWv6cjRaDUk5WHeVNpTmkgsBXI1NkrQ=", "tweet"=>{"content"=>"Super"}}
  [4;35;1mTweet Create (4.0ms)[0m   [0mINSERT INTO "tweets" ("updated_at", "content", "user_id", "posted", "created_at") VALUES('2010-06-22 15:16:37', 'Super', NULL, '2010-06-22 15:16:37', '2010-06-22 15:16:37')[0m
Redirected to http://localhost:3000/tweets
Completed in 300ms (DB: 4) | 302 Found [http://localhost/tweets/post]


Processing TweetsController#index (for 127.0.0.1 at 2010-06-22 11:16:38) [GET]
  [4;36;1mTweet Load (3.0ms)[0m   [0;1mSELECT * FROM "tweets" ORDER BY posted DESC LIMIT 10 OFFSET 0[0m
Rendering tweets/index
Completed in 24ms (View: 8, DB: 3) | 200 OK [http://localhost/tweets]


Processing UserController#logout (for 127.0.0.1 at 2010-06-22 11:16:40) [GET]
Rendering user/logout
Completed in 98ms (View: 96, DB: 0) | 200 OK [http://localhost/user/logout]


Processing TweetsController#index (for 127.0.0.1 at 2010-06-22 11:16:43) [GET]
  [4;35;1mTweet Load (2.0ms)[0m   [0mSELECT * FROM "tweets" ORDER BY posted DESC LIMIT 10 OFFSET 0[0m
Rendering tweets/index
Completed in 24ms (View: 8, DB: 2) | 200 OK [http://localhost/tweets]


Processing TweetsController#new (for 127.0.0.1 at 2010-06-22 11:16:46) [GET]
Rendering tweets/new
Completed in 21ms (View: 6, DB: 0) | 200 OK [http://localhost/tweets/new]


Processing TweetsController#post (for 127.0.0.1 at 2010-06-22 11:16:49) [POST]
  Parameters: {"commit"=>"Tweet", "authenticity_token"=>"T6Uc86B9atwLFWv6cjRaDUk5WHeVNpTmkgsBXI1NkrQ=", "tweet"=>{"content"=>"Super2"}}
  [4;36;1mTweet Create (4.0ms)[0m   [0;1mINSERT INTO "tweets" ("updated_at", "content", "user_id", "posted", "created_at") VALUES('2010-06-22 15:16:49', 'Super2', NULL, '2010-06-22 15:16:49', '2010-06-22 15:16:49')[0m
Redirected to http://localhost:3000/tweets
Completed in 154ms (DB: 4) | 302 Found [http://localhost/tweets/post]


Processing TweetsController#index (for 127.0.0.1 at 2010-06-22 11:16:51) [GET]
  [4;35;1mTweet Load (2.0ms)[0m   [0mSELECT * FROM "tweets" ORDER BY posted DESC LIMIT 10 OFFSET 0[0m
Rendering tweets/index
Completed in 24ms (View: 8, DB: 2) | 200 OK [http://localhost/tweets]


Processing TweetsController#new (for 127.0.0.1 at 2010-06-22 11:19:31) [GET]
Rendering tweets/new
Completed in 21ms (View: 7, DB: 0) | 200 OK [http://localhost/tweets/new]


Processing TweetsController#post (for 127.0.0.1 at 2010-06-22 11:19:35) [POST]
  Parameters: {"commit"=>"Tweet", "authenticity_token"=>"T6Uc86B9atwLFWv6cjRaDUk5WHeVNpTmkgsBXI1NkrQ=", "tweet"=>{"content"=>"Testing"}}
  [4;36;1mTweet Create (5.0ms)[0m   [0;1mINSERT INTO "tweets" ("updated_at", "content", "user_id", "posted", "created_at") VALUES('2010-06-22 15:19:35', 'Testing', NULL, '2010-06-22 15:19:35', '2010-06-22 15:19:35')[0m
Redirected to http://localhost:3000/tweets
Completed in 237ms (DB: 5) | 302 Found [http://localhost/tweets/post]


Processing TweetsController#index (for 127.0.0.1 at 2010-06-22 11:19:37) [GET]
  [4;35;1mTweet Load (7.0ms)[0m   [0mSELECT * FROM "tweets" ORDER BY posted DESC LIMIT 10 OFFSET 0[0m
Rendering tweets/index
Completed in 55ms (View: 17, DB: 7) | 200 OK [http://localhost/tweets]


Processing UserController#logout (for 127.0.0.1 at 2010-06-22 11:19:40) [GET]
Rendering user/logout
Completed in 8ms (View: 4, DB: 0) | 200 OK [http://localhost/user/logout]


Processing TweetsController#index (for 127.0.0.1 at 2010-06-22 11:19:42) [GET]
  [4;36;1mTweet Load (3.0ms)[0m   [0;1mSELECT * FROM "tweets" ORDER BY posted DESC LIMIT 10 OFFSET 0[0m
Rendering tweets/index
Completed in 30ms (View: 12, DB: 3) | 200 OK [http://localhost/tweets]


Processing TweetsController#new (for 127.0.0.1 at 2010-06-22 11:21:18) [GET]
Rendering tweets/new
Completed in 20ms (View: 6, DB: 0) | 200 OK [http://localhost/tweets/new]


Processing TweetsController#post (for 127.0.0.1 at 2010-06-22 11:21:23) [POST]
  Parameters: {"commit"=>"Tweet", "authenticity_token"=>"T6Uc86B9atwLFWv6cjRaDUk5WHeVNpTmkgsBXI1NkrQ=", "tweet"=>{"content"=>"sooooo"}}
  [4;35;1mTweet Create (3.0ms)[0m   [0mINSERT INTO "tweets" ("updated_at", "content", "user_id", "posted", "created_at") VALUES('2010-06-22 15:21:23', 'sooooo', NULL, '2010-06-22 15:21:23', '2010-06-22 15:21:23')[0m
Redirected to http://localhost:3000/tweets
Completed in 276ms (DB: 3) | 302 Found [http://localhost/tweets/post]


Processing TweetsController#index (for 127.0.0.1 at 2010-06-22 11:21:24) [GET]
  [4;36;1mTweet Load (2.0ms)[0m   [0;1mSELECT * FROM "tweets" ORDER BY posted DESC LIMIT 10 OFFSET 0[0m
Rendering tweets/index
Completed in 24ms (View: 8, DB: 2) | 200 OK [http://localhost/tweets]


Processing TweetsController#index (for 127.0.0.1 at 2010-06-22 11:21:26) [GET]
  Parameters: {"page"=>"2"}
  [4;35;1mTweet Load (2.0ms)[0m   [0mSELECT * FROM "tweets" ORDER BY posted DESC LIMIT 10 OFFSET 10[0m
Rendering tweets/index
Completed in 24ms (View: 7, DB: 2) | 200 OK [http://localhost/tweets?page=2]


Processing UserController#logout (for 127.0.0.1 at 2010-06-22 11:21:28) [GET]
Rendering user/logout
Completed in 5ms (View: 2, DB: 0) | 200 OK [http://localhost/user/logout]


Processing TweetsController#index (for 127.0.0.1 at 2010-06-22 11:21:30) [GET]
  [4;36;1mTweet Load (2.0ms)[0m   [0;1mSELECT * FROM "tweets" ORDER BY posted DESC LIMIT 10 OFFSET 0[0m
Rendering tweets/index
Completed in 24ms (View: 9, DB: 2) | 200 OK [http://localhost/tweets]


Processing TweetsController#new (for 127.0.0.1 at 2010-06-22 11:21:34) [GET]
Rendering tweets/new
Completed in 21ms (View: 6, DB: 0) | 200 OK [http://localhost/tweets/new]


Processing TweetsController#index (for 127.0.0.1 at 2010-06-22 11:22:26) [GET]
  [4;36;1mTweet Load (3.0ms)[0m   [0;1mSELECT * FROM "tweets" ORDER BY posted DESC LIMIT 10 OFFSET 0[0m
Rendering tweets/index
Completed in 111ms (View: 62, DB: 3) | 200 OK [http://localhost/tweets]


Processing TweetsController#new (for 127.0.0.1 at 2010-06-22 11:22:28) [GET]
Rendering tweets/new
Completed in 34ms (View: 17, DB: 0) | 200 OK [http://localhost/tweets/new]


Processing TweetsController#post (for 127.0.0.1 at 2010-06-22 11:22:33) [POST]
  Parameters: {"commit"=>"Tweet", "authenticity_token"=>"T6Uc86B9atwLFWv6cjRaDUk5WHeVNpTmkgsBXI1NkrQ=", "tweet"=>{"content"=>"far"}}
  [4;35;1mTweet Create (3.0ms)[0m   [0mINSERT INTO "tweets" ("updated_at", "content", "user_id", "posted", "created_at") VALUES('2010-06-22 15:22:33', 'far', NULL, '2010-06-22 15:22:33', '2010-06-22 15:22:33')[0m
Redirected to http://localhost:3000/tweets
Completed in 294ms (DB: 3) | 302 Found [http://localhost/tweets/post]


Processing TweetsController#index (for 127.0.0.1 at 2010-06-22 11:22:33) [GET]
  [4;36;1mTweet Load (3.0ms)[0m   [0;1mSELECT * FROM "tweets" ORDER BY posted DESC LIMIT 10 OFFSET 0[0m
Rendering tweets/index
Completed in 31ms (View: 10, DB: 3) | 200 OK [http://localhost/tweets]


Processing TweetsController#index (for 127.0.0.1 at 2010-06-22 11:34:48) [GET]
  [4;35;1mTweet Load (2.0ms)[0m   [0mSELECT * FROM "tweets" ORDER BY posted DESC LIMIT 10 OFFSET 0[0m
Rendering tweets/index
Completed in 107ms (View: 91, DB: 2) | 200 OK [http://localhost/tweets]


Processing UserController#logout (for 127.0.0.1 at 2010-06-22 11:34:51) [GET]
Rendering user/logout
Completed in 15ms (View: 13, DB: 0) | 200 OK [http://localhost/user/logout]


Processing TweetsController#index (for 127.0.0.1 at 2010-06-22 11:34:53) [GET]
  [4;36;1mTweet Load (3.0ms)[0m   [0;1mSELECT * FROM "tweets" ORDER BY posted DESC LIMIT 10 OFFSET 0[0m
Rendering tweets/index
Completed in 23ms (View: 7, DB: 3) | 200 OK [http://localhost/tweets]


Processing TweetsController#new (for 127.0.0.1 at 2010-06-22 11:34:55) [GET]
  [4;35;1mUser Load (0.0ms)[0m   [0mSELECT * FROM "users" WHERE ("users"."id" = 1) [0m
Rendering tweets/new
Completed in 36ms (View: 6, DB: 0) | 200 OK [http://localhost/tweets/new]


Processing TweetsController#post (for 127.0.0.1 at 2010-06-22 11:34:59) [POST]
  Parameters: {"commit"=>"Tweet", "authenticity_token"=>"T6Uc86B9atwLFWv6cjRaDUk5WHeVNpTmkgsBXI1NkrQ=", "tweet"=>{"content"=>"Sup"}}
  [4;36;1mUser Load (1.0ms)[0m   [0;1mSELECT * FROM "users" WHERE ("users"."id" = 1) [0m
  [4;35;1mTweet Create (5.0ms)[0m   [0mINSERT INTO "tweets" ("updated_at", "content", "user_id", "posted", "created_at") VALUES('2010-06-22 15:34:59', 'Sup', 1, '2010-06-22 15:34:59', '2010-06-22 15:34:59')[0m
Redirected to http://localhost:3000/tweets
Completed in 180ms (DB: 6) | 302 Found [http://localhost/tweets/post]


Processing TweetsController#index (for 127.0.0.1 at 2010-06-22 11:35:00) [GET]
  [4;36;1mTweet Load (4.0ms)[0m   [0;1mSELECT * FROM "tweets" ORDER BY posted DESC LIMIT 10 OFFSET 0[0m
Rendering tweets/index
  [4;35;1mUser Load (2.0ms)[0m   [0mSELECT * FROM "users" WHERE ("users"."id" = 1) [0m
Completed in 59ms (View: 35, DB: 6) | 200 OK [http://localhost/tweets]


Processing UserController#logout (for 127.0.0.1 at 2010-06-22 11:35:04) [GET]
Rendering user/logout
Completed in 7ms (View: 4, DB: 0) | 200 OK [http://localhost/user/logout]


Processing TweetsController#index (for 127.0.0.1 at 2010-06-22 11:35:07) [GET]
  [4;36;1mTweet Load (2.0ms)[0m   [0;1mSELECT * FROM "tweets" ORDER BY posted DESC LIMIT 10 OFFSET 0[0m
Rendering tweets/index
  [4;35;1mUser Load (1.0ms)[0m   [0mSELECT * FROM "users" WHERE ("users"."id" = 1) [0m
Completed in 42ms (View: 26, DB: 3) | 200 OK [http://localhost/tweets]


Processing TweetsController#new (for 127.0.0.1 at 2010-06-22 11:35:08) [GET]
  [4;36;1mUser Load (1.0ms)[0m   [0;1mSELECT * FROM "users" WHERE ("users"."id" = 1) [0m
Rendering tweets/new
Completed in 36ms (View: 7, DB: 1) | 200 OK [http://localhost/tweets/new]


Processing TweetsController#post (for 127.0.0.1 at 2010-06-22 11:35:13) [POST]
  Parameters: {"commit"=>"Tweet", "authenticity_token"=>"T6Uc86B9atwLFWv6cjRaDUk5WHeVNpTmkgsBXI1NkrQ=", "tweet"=>{"content"=>"Why not"}}
  [4;35;1mUser Load (1.0ms)[0m   [0mSELECT * FROM "users" WHERE ("users"."id" = 1) [0m
  [4;36;1mTweet Create (4.0ms)[0m   [0;1mINSERT INTO "tweets" ("updated_at", "content", "user_id", "posted", "created_at") VALUES('2010-06-22 15:35:13', 'Why not', 1, '2010-06-22 15:35:13', '2010-06-22 15:35:13')[0m
Redirected to http://localhost:3000/tweets
Completed in 182ms (DB: 5) | 302 Found [http://localhost/tweets/post]


Processing TweetsController#index (for 127.0.0.1 at 2010-06-22 11:35:13) [GET]
  [4;35;1mTweet Load (4.0ms)[0m   [0mSELECT * FROM "tweets" ORDER BY posted DESC LIMIT 10 OFFSET 0[0m
Rendering tweets/index
  [4;36;1mUser Load (1.0ms)[0m   [0;1mSELECT * FROM "users" WHERE ("users"."id" = 1) [0m
  [4;35;1mCACHE (0.0ms)[0m   [0mSELECT * FROM "users" WHERE ("users"."id" = 1) [0m
Completed in 52ms (View: 32, DB: 5) | 200 OK [http://localhost/tweets]


Processing TweetsController#user (for 127.0.0.1 at 2010-06-22 11:36:03) [GET]
  Parameters: {"id"=>"1"}
  [4;36;1mUser Load (1.0ms)[0m   [0;1mSELECT * FROM "users" WHERE ("users"."id" = 1) [0m
Rendering tweets/user
  [4;35;1mTweet Load (1.0ms)[0m   [0mSELECT * FROM "tweets" WHERE ("tweets".user_id = 1) [0m
Completed in 134ms (View: 26, DB: 2) | 200 OK [http://localhost/tweets/user/1]


Processing TweetsController#index (for 127.0.0.1 at 2010-06-22 11:36:09) [GET]
  [4;36;1mTweet Load (2.0ms)[0m   [0;1mSELECT * FROM "tweets" ORDER BY posted DESC LIMIT 10 OFFSET 0[0m
Rendering tweets/index
  [4;35;1mUser Load (1.0ms)[0m   [0mSELECT * FROM "users" WHERE ("users"."id" = 1) [0m
  [4;36;1mCACHE (0.0ms)[0m   [0;1mSELECT * FROM "users" WHERE ("users"."id" = 1) [0m
Completed in 43ms (View: 26, DB: 3) | 200 OK [http://localhost/tweets]


Processing UserController#logout (for 127.0.0.1 at 2010-06-22 11:37:02) [GET]
Rendering user/logout
Completed in 5ms (View: 2, DB: 0) | 200 OK [http://localhost/user/logout]


Processing TweetsController#index (for 127.0.0.1 at 2010-06-22 11:37:03) [GET]
  [4;35;1mTweet Load (3.0ms)[0m   [0mSELECT * FROM "tweets" ORDER BY posted DESC LIMIT 10 OFFSET 0[0m
Rendering tweets/index
  [4;36;1mUser Load (0.0ms)[0m   [0;1mSELECT * FROM "users" WHERE ("users"."id" = 1) [0m
  [4;35;1mCACHE (0.0ms)[0m   [0mSELECT * FROM "users" WHERE ("users"."id" = 1) [0m
Completed in 41ms (View: 24, DB: 3) | 200 OK [http://localhost/tweets]


Processing TweetsController#new (for 127.0.0.1 at 2010-06-22 11:37:06) [GET]
Redirected to http://localhost:3000/user/login
Filter chain halted as [:get_logged_in_user] rendered_or_redirected.
Completed in 1ms (DB: 0) | 302 Found [http://localhost/tweets/new]


Processing UserController#login (for 127.0.0.1 at 2010-06-22 11:37:06) [GET]
Rendering user/login
Completed in 15ms (View: 13, DB: 0) | 200 OK [http://localhost/user/login]


Processing UserController#do_login (for 127.0.0.1 at 2010-06-22 11:37:14) [POST]
  Parameters: {"commit"=>"Log In", "authenticity_token"=>"T6Uc86B9atwLFWv6cjRaDUk5WHeVNpTmkgsBXI1NkrQ=", "username"=>"scottkor", "password"=>"ukyo18"}
  [4;36;1mUser Load (1.0ms)[0m   [0;1mSELECT * FROM "users" WHERE ("users"."username" = 'scottkor') LIMIT 1[0m
Redirected to http://localhost:3000/tweets
Completed in 21ms (DB: 1) | 302 Found [http://localhost/user/do_login]


Processing TweetsController#index (for 127.0.0.1 at 2010-06-22 11:37:14) [GET]
  [4;35;1mTweet Load (3.0ms)[0m   [0mSELECT * FROM "tweets" ORDER BY posted DESC LIMIT 10 OFFSET 0[0m
Rendering tweets/index
  [4;36;1mUser Load (0.0ms)[0m   [0;1mSELECT * FROM "users" WHERE ("users"."id" = 1) [0m
  [4;35;1mCACHE (0.0ms)[0m   [0mSELECT * FROM "users" WHERE ("users"."id" = 1) [0m
Completed in 44ms (View: 24, DB: 3) | 200 OK [http://localhost/tweets]


Processing TweetsController#user (for 127.0.0.1 at 2010-06-22 11:37:24) [GET]
  Parameters: {"id"=>"1"}
  [4;36;1mUser Load (1.0ms)[0m   [0;1mSELECT * FROM "users" WHERE ("users"."id" = 1) [0m
Rendering tweets/user
  [4;35;1mTweet Load (1.0ms)[0m   [0mSELECT * FROM "tweets" WHERE ("tweets".user_id = 1) [0m
Completed in 39ms (View: 21, DB: 2) | 200 OK [http://localhost/tweets/user/1]


Processing TweetsController#index (for 127.0.0.1 at 2010-06-22 11:37:26) [GET]
  [4;36;1mTweet Load (3.0ms)[0m   [0;1mSELECT * FROM "tweets" ORDER BY posted DESC LIMIT 10 OFFSET 0[0m
Rendering tweets/index
  [4;35;1mUser Load (1.0ms)[0m   [0mSELECT * FROM "users" WHERE ("users"."id" = 1) [0m
  [4;36;1mCACHE (0.0ms)[0m   [0;1mSELECT * FROM "users" WHERE ("users"."id" = 1) [0m
Completed in 43ms (View: 24, DB: 4) | 200 OK [http://localhost/tweets]


Processing UserController#logout (for 127.0.0.1 at 2010-06-22 11:41:42) [GET]
Rendering user/logout
Completed in 6ms (View: 2, DB: 0) | 200 OK [http://localhost/user/logout]


Processing TweetsController#index (for 127.0.0.1 at 2010-06-22 11:41:45) [GET]
  [4;35;1mTweet Load (4.0ms)[0m   [0mSELECT * FROM "tweets" ORDER BY posted DESC LIMIT 10 OFFSET 0[0m
Rendering tweets/index
  [4;36;1mUser Load (1.0ms)[0m   [0;1mSELECT * FROM "users" WHERE ("users"."id" = 1) [0m
  [4;35;1mCACHE (0.0ms)[0m   [0mSELECT * FROM "users" WHERE ("users"."id" = 1) [0m
Completed in 158ms (View: 130, DB: 5) | 200 OK [http://localhost/tweets]


Processing TweetsController#new (for 127.0.0.1 at 2010-06-22 11:42:12) [GET]
Redirected to http://localhost:3000/user/login
Filter chain halted as [:get_logged_in_user] rendered_or_redirected.
Completed in 1ms (DB: 0) | 302 Found [http://localhost/tweets/new]


Processing UserController#login (for 127.0.0.1 at 2010-06-22 11:42:13) [GET]
Rendering user/login
Completed in 7ms (View: 5, DB: 0) | 200 OK [http://localhost/user/login]


Processing TweetsController#new (for 127.0.0.1 at 2010-06-22 11:42:53) [GET]
Redirected to http://localhost:3000/user/login
Filter chain halted as [:get_logged_in_user] rendered_or_redirected.
Completed in 1ms (DB: 0) | 302 Found [http://localhost/tweets/new]


Processing UserController#login (for 127.0.0.1 at 2010-06-22 11:42:53) [GET]
Rendering user/login
Completed in 7ms (View: 5, DB: 0) | 200 OK [http://localhost/user/login]


Processing UserController#login (for 127.0.0.1 at 2010-06-22 11:44:13) [GET]
Rendering user/login
Completed in 14ms (View: 12, DB: 0) | 200 OK [http://localhost/user/login]


Processing UserController#login (for 127.0.0.1 at 2010-06-22 11:45:02) [GET]
Rendering user/login
Completed in 15ms (View: 13, DB: 0) | 200 OK [http://localhost/user/login]


Processing UserController#login (for 127.0.0.1 at 2010-06-22 11:45:20) [GET]
Rendering user/login
Completed in 14ms (View: 12, DB: 0) | 200 OK [http://localhost/user/login]


Processing UserController#new (for 127.0.0.1 at 2010-06-22 11:45:24) [GET]
Rendering user/new
Completed in 33ms (View: 18, DB: 0) | 200 OK [http://localhost/user/new]


Processing TweetsController#index (for 127.0.0.1 at 2010-06-22 11:45:28) [GET]
  [4;36;1mTweet Load (2.0ms)[0m   [0;1mSELECT * FROM "tweets" ORDER BY posted DESC LIMIT 10 OFFSET 0[0m
Rendering tweets/index
  [4;35;1mUser Load (1.0ms)[0m   [0mSELECT * FROM "users" WHERE ("users"."id" = 1) [0m
  [4;36;1mCACHE (0.0ms)[0m   [0;1mSELECT * FROM "users" WHERE ("users"."id" = 1) [0m
Completed in 40ms (View: 24, DB: 3) | 200 OK [http://localhost/tweets]


Processing TweetsController#index (for 127.0.0.1 at 2010-06-22 11:50:19) [GET]
  [4;36;1mTweet Load (4.0ms)[0m   [0;1mSELECT * FROM "tweets" ORDER BY posted DESC LIMIT 10 OFFSET 0[0m
Rendering tweets/index
  [4;35;1mUser Load (1.0ms)[0m   [0mSELECT * FROM "users" WHERE ("users"."id" = 1) [0m
  [4;36;1mCACHE (0.0ms)[0m   [0;1mSELECT * FROM "users" WHERE ("users"."id" = 1) [0m
Completed in 205ms (View: 153, DB: 5) | 200 OK [http://localhost/tweets]


Processing TweetsController#new (for 127.0.0.1 at 2010-06-22 11:50:21) [GET]
Redirected to http://localhost:3000/user/login
Filter chain halted as [:get_logged_in_user] rendered_or_redirected.
Completed in 3ms (DB: 0) | 302 Found [http://localhost/tweets/new]


Processing UserController#login (for 127.0.0.1 at 2010-06-22 11:50:22) [GET]
Rendering user/login
Completed in 17ms (View: 14, DB: 0) | 200 OK [http://localhost/user/login]
